{"/Users/akash/Study/assignments/json_expression_evaluator/json_expression_evaluator/globals.js":{"path":"/Users/akash/Study/assignments/json_expression_evaluator/json_expression_evaluator/globals.js","s":{"1":1,"2":1},"b":{},"f":{},"fnMap":{},"statementMap":{"1":{"start":{"line":4,"column":0},"end":{"line":6,"column":2}},"2":{"start":{"line":8,"column":0},"end":{"line":8,"column":25}}},"branchMap":{}},"/Users/akash/Study/assignments/json_expression_evaluator/json_expression_evaluator/utility.js":{"path":"/Users/akash/Study/assignments/json_expression_evaluator/json_expression_evaluator/utility.js","s":{"1":1,"2":3,"3":3,"4":3,"5":3,"6":2,"7":1,"8":2,"9":3,"10":12,"11":12,"12":12,"13":12,"14":3,"15":1,"16":1,"17":1,"18":1,"19":1,"20":0,"21":6,"22":1,"23":0,"24":0,"25":0,"26":1,"27":1,"28":1,"29":1,"30":1,"31":0,"32":0,"33":0,"34":14,"35":14,"36":4,"37":10,"38":27,"39":4,"40":23,"41":1,"42":22,"43":1,"44":21,"45":15,"46":6,"47":1},"b":{"1":[3,0],"2":[2,1],"3":[12,0],"4":[12,9,9,9],"5":[12,3],"6":[3,2],"7":[4,23],"8":[1,22],"9":[1,21],"10":[1,0],"11":[15,6],"12":[15,0]},"f":{"1":3,"2":3,"3":2,"4":3,"5":12,"6":3,"7":1,"8":1,"9":0,"10":6,"11":1,"12":1,"13":1,"14":1,"15":14,"16":27},"fnMap":{"1":{"name":"(anonymous_1)","line":17,"loc":{"start":{"line":17,"column":15},"end":{"line":17,"column":17}}},"2":{"name":"(anonymous_2)","line":26,"loc":{"start":{"line":26,"column":18},"end":{"line":26,"column":35}}},"3":{"name":"(anonymous_3)","line":32,"loc":{"start":{"line":32,"column":70},"end":{"line":32,"column":92}}},"4":{"name":"(anonymous_4)","line":42,"loc":{"start":{"line":42,"column":23},"end":{"line":42,"column":25}}},"5":{"name":"(anonymous_5)","line":51,"loc":{"start":{"line":51,"column":14},"end":{"line":51,"column":33}}},"6":{"name":"(anonymous_6)","line":63,"loc":{"start":{"line":63,"column":20},"end":{"line":63,"column":30}}},"7":{"name":"(anonymous_7)","line":71,"loc":{"start":{"line":71,"column":15},"end":{"line":71,"column":25}}},"8":{"name":"(anonymous_8)","line":73,"loc":{"start":{"line":73,"column":27},"end":{"line":73,"column":52}}},"9":{"name":"(anonymous_9)","line":78,"loc":{"start":{"line":78,"column":28},"end":{"line":78,"column":41}}},"10":{"name":"(anonymous_10)","line":81,"loc":{"start":{"line":81,"column":28},"end":{"line":81,"column":45}}},"11":{"name":"(anonymous_11)","line":84,"loc":{"start":{"line":84,"column":27},"end":{"line":84,"column":37}}},"12":{"name":"(anonymous_12)","line":102,"loc":{"start":{"line":102,"column":16},"end":{"line":102,"column":35}}},"13":{"name":"(anonymous_13)","line":104,"loc":{"start":{"line":104,"column":27},"end":{"line":104,"column":52}}},"14":{"name":"(anonymous_14)","line":108,"loc":{"start":{"line":108,"column":30},"end":{"line":108,"column":40}}},"15":{"name":"(anonymous_15)","line":124,"loc":{"start":{"line":124,"column":16},"end":{"line":124,"column":22}}},"16":{"name":"(anonymous_16)","line":138,"loc":{"start":{"line":138,"column":20},"end":{"line":138,"column":27}}}},"statementMap":{"1":{"start":{"line":4,"column":0},"end":{"line":8,"column":41}},"2":{"start":{"line":18,"column":8},"end":{"line":18,"column":96}},"3":{"start":{"line":27,"column":8},"end":{"line":27,"column":24}},"4":{"start":{"line":28,"column":8},"end":{"line":36,"column":9}},"5":{"start":{"line":29,"column":12},"end":{"line":35,"column":13}},"6":{"start":{"line":30,"column":16},"end":{"line":30,"column":74}},"7":{"start":{"line":32,"column":16},"end":{"line":34,"column":19}},"8":{"start":{"line":33,"column":20},"end":{"line":33,"column":50}},"9":{"start":{"line":43,"column":8},"end":{"line":43,"column":36}},"10":{"start":{"line":52,"column":8},"end":{"line":52,"column":24}},"11":{"start":{"line":53,"column":8},"end":{"line":56,"column":9}},"12":{"start":{"line":54,"column":12},"end":{"line":54,"column":61}},"13":{"start":{"line":55,"column":12},"end":{"line":55,"column":78}},"14":{"start":{"line":64,"column":8},"end":{"line":64,"column":68}},"15":{"start":{"line":72,"column":8},"end":{"line":72,"column":24}},"16":{"start":{"line":73,"column":8},"end":{"line":94,"column":11}},"17":{"start":{"line":74,"column":12},"end":{"line":74,"column":31}},"18":{"start":{"line":75,"column":12},"end":{"line":93,"column":13}},"19":{"start":{"line":76,"column":16},"end":{"line":86,"column":19}},"20":{"start":{"line":79,"column":20},"end":{"line":79,"column":32}},"21":{"start":{"line":82,"column":20},"end":{"line":82,"column":44}},"22":{"start":{"line":85,"column":20},"end":{"line":85,"column":39}},"23":{"start":{"line":90,"column":16},"end":{"line":90,"column":38}},"24":{"start":{"line":91,"column":16},"end":{"line":91,"column":100}},"25":{"start":{"line":92,"column":16},"end":{"line":92,"column":28}},"26":{"start":{"line":103,"column":8},"end":{"line":103,"column":24}},"27":{"start":{"line":104,"column":8},"end":{"line":117,"column":11}},"28":{"start":{"line":105,"column":12},"end":{"line":116,"column":13}},"29":{"start":{"line":106,"column":16},"end":{"line":110,"column":19}},"30":{"start":{"line":109,"column":20},"end":{"line":109,"column":30}},"31":{"start":{"line":113,"column":16},"end":{"line":113,"column":38}},"32":{"start":{"line":114,"column":16},"end":{"line":114,"column":107}},"33":{"start":{"line":115,"column":16},"end":{"line":115,"column":28}},"34":{"start":{"line":125,"column":8},"end":{"line":129,"column":9}},"35":{"start":{"line":126,"column":12},"end":{"line":126,"column":28}},"36":{"start":{"line":128,"column":12},"end":{"line":128,"column":25}},"37":{"start":{"line":130,"column":8},"end":{"line":130,"column":20}},"38":{"start":{"line":139,"column":8},"end":{"line":152,"column":9}},"39":{"start":{"line":140,"column":12},"end":{"line":140,"column":26}},"40":{"start":{"line":142,"column":13},"end":{"line":152,"column":9}},"41":{"start":{"line":143,"column":12},"end":{"line":143,"column":50}},"42":{"start":{"line":145,"column":13},"end":{"line":152,"column":9}},"43":{"start":{"line":146,"column":12},"end":{"line":146,"column":64}},"44":{"start":{"line":148,"column":13},"end":{"line":152,"column":9}},"45":{"start":{"line":149,"column":12},"end":{"line":149,"column":61}},"46":{"start":{"line":151,"column":12},"end":{"line":151,"column":45}},"47":{"start":{"line":157,"column":0},"end":{"line":157,"column":25}}},"branchMap":{"1":{"line":28,"type":"if","locations":[{"start":{"line":28,"column":8},"end":{"line":28,"column":8}},{"start":{"line":28,"column":8},"end":{"line":28,"column":8}}]},"2":{"line":29,"type":"if","locations":[{"start":{"line":29,"column":12},"end":{"line":29,"column":12}},{"start":{"line":29,"column":12},"end":{"line":29,"column":12}}]},"3":{"line":53,"type":"if","locations":[{"start":{"line":53,"column":8},"end":{"line":53,"column":8}},{"start":{"line":53,"column":8},"end":{"line":53,"column":8}}]},"4":{"line":53,"type":"binary-expr","locations":[{"start":{"line":53,"column":11},"end":{"line":53,"column":20}},{"start":{"line":53,"column":25},"end":{"line":53,"column":78}},{"start":{"line":53,"column":82},"end":{"line":53,"column":102}},{"start":{"line":53,"column":106},"end":{"line":53,"column":149}}]},"5":{"line":54,"type":"binary-expr","locations":[{"start":{"line":54,"column":23},"end":{"line":54,"column":31}},{"start":{"line":54,"column":35},"end":{"line":54,"column":60}}]},"6":{"line":64,"type":"binary-expr","locations":[{"start":{"line":64,"column":15},"end":{"line":64,"column":23}},{"start":{"line":64,"column":27},"end":{"line":64,"column":67}}]},"7":{"line":139,"type":"if","locations":[{"start":{"line":139,"column":8},"end":{"line":139,"column":8}},{"start":{"line":139,"column":8},"end":{"line":139,"column":8}}]},"8":{"line":142,"type":"if","locations":[{"start":{"line":142,"column":13},"end":{"line":142,"column":13}},{"start":{"line":142,"column":13},"end":{"line":142,"column":13}}]},"9":{"line":145,"type":"if","locations":[{"start":{"line":145,"column":13},"end":{"line":145,"column":13}},{"start":{"line":145,"column":13},"end":{"line":145,"column":13}}]},"10":{"line":146,"type":"cond-expr","locations":[{"start":{"line":146,"column":43},"end":{"line":146,"column":56}},{"start":{"line":146,"column":59},"end":{"line":146,"column":63}}]},"11":{"line":148,"type":"if","locations":[{"start":{"line":148,"column":13},"end":{"line":148,"column":13}},{"start":{"line":148,"column":13},"end":{"line":148,"column":13}}]},"12":{"line":149,"type":"cond-expr","locations":[{"start":{"line":149,"column":43},"end":{"line":149,"column":56}},{"start":{"line":149,"column":59},"end":{"line":149,"column":60}}]}}},"/Users/akash/Study/assignments/json_expression_evaluator/json_expression_evaluator/constants.js":{"path":"/Users/akash/Study/assignments/json_expression_evaluator/json_expression_evaluator/constants.js","s":{"1":1,"2":1},"b":{},"f":{},"fnMap":{},"statementMap":{"1":{"start":{"line":7,"column":0},"end":{"line":44,"column":2}},"2":{"start":{"line":46,"column":0},"end":{"line":46,"column":27}}},"branchMap":{}},"/Users/akash/Study/assignments/json_expression_evaluator/json_expression_evaluator/evaluator/index.js":{"path":"/Users/akash/Study/assignments/json_expression_evaluator/json_expression_evaluator/evaluator/index.js","s":{"1":1,"2":12,"3":12,"4":9,"5":9,"6":9,"7":0,"8":9,"9":9,"10":9,"11":9,"12":6,"13":3,"14":3,"15":16,"16":16,"17":16,"18":113,"19":16,"20":1},"b":{"1":[9,3],"2":[12,11],"3":[0,9],"4":[6,3],"5":[9,9],"6":[16,1]},"f":{"1":12,"2":16,"3":113},"fnMap":{"1":{"name":"(anonymous_1)","line":20,"loc":{"start":{"line":20,"column":12},"end":{"line":20,"column":34}}},"2":{"name":"(anonymous_2)","line":60,"loc":{"start":{"line":60,"column":18},"end":{"line":60,"column":30}}},"3":{"name":"(anonymous_3)","line":67,"loc":{"start":{"line":67,"column":36},"end":{"line":67,"column":52}}}},"statementMap":{"1":{"start":{"line":4,"column":0},"end":{"line":8,"column":35}},"2":{"start":{"line":21,"column":8},"end":{"line":21,"column":24}},"3":{"start":{"line":30,"column":8},"end":{"line":53,"column":9}},"4":{"start":{"line":31,"column":12},"end":{"line":31,"column":50}},"5":{"start":{"line":33,"column":12},"end":{"line":33,"column":58}},"6":{"start":{"line":36,"column":12},"end":{"line":38,"column":13}},"7":{"start":{"line":37,"column":16},"end":{"line":37,"column":29}},"8":{"start":{"line":41,"column":12},"end":{"line":41,"column":53}},"9":{"start":{"line":42,"column":12},"end":{"line":42,"column":68}},"10":{"start":{"line":45,"column":12},"end":{"line":45,"column":49}},"11":{"start":{"line":46,"column":12},"end":{"line":50,"column":13}},"12":{"start":{"line":47,"column":16},"end":{"line":47,"column":53}},"13":{"start":{"line":49,"column":16},"end":{"line":49,"column":29}},"14":{"start":{"line":52,"column":12},"end":{"line":52,"column":25}},"15":{"start":{"line":62,"column":8},"end":{"line":62,"column":38}},"16":{"start":{"line":64,"column":8},"end":{"line":64,"column":44}},"17":{"start":{"line":67,"column":8},"end":{"line":69,"column":11}},"18":{"start":{"line":68,"column":12},"end":{"line":68,"column":45}},"19":{"start":{"line":71,"column":8},"end":{"line":71,"column":23}},"20":{"start":{"line":75,"column":0},"end":{"line":75,"column":27}}},"branchMap":{"1":{"line":30,"type":"if","locations":[{"start":{"line":30,"column":8},"end":{"line":30,"column":8}},{"start":{"line":30,"column":8},"end":{"line":30,"column":8}}]},"2":{"line":30,"type":"binary-expr","locations":[{"start":{"line":30,"column":11},"end":{"line":30,"column":33}},{"start":{"line":30,"column":37},"end":{"line":30,"column":67}}]},"3":{"line":36,"type":"if","locations":[{"start":{"line":36,"column":12},"end":{"line":36,"column":12}},{"start":{"line":36,"column":12},"end":{"line":36,"column":12}}]},"4":{"line":46,"type":"if","locations":[{"start":{"line":46,"column":12},"end":{"line":46,"column":12}},{"start":{"line":46,"column":12},"end":{"line":46,"column":12}}]},"5":{"line":46,"type":"binary-expr","locations":[{"start":{"line":46,"column":15},"end":{"line":46,"column":55}},{"start":{"line":46,"column":59},"end":{"line":46,"column":93}}]},"6":{"line":62,"type":"binary-expr","locations":[{"start":{"line":62,"column":21},"end":{"line":62,"column":31}},{"start":{"line":62,"column":35},"end":{"line":62,"column":37}}]}}},"/Users/akash/Study/assignments/json_expression_evaluator/json_expression_evaluator/evaluator/classifier.js":{"path":"/Users/akash/Study/assignments/json_expression_evaluator/json_expression_evaluator/evaluator/classifier.js","s":{"1":1,"2":12,"3":12,"4":12,"5":12,"6":12,"7":94,"8":94,"9":94,"10":586,"11":586,"12":93,"13":93,"14":93,"15":94,"16":1,"17":1,"18":12,"19":1},"b":{"1":[93,493],"2":[586,585],"3":[1,93]},"f":{"1":12,"2":12,"3":94},"fnMap":{"1":{"name":"(anonymous_1)","line":15,"loc":{"start":{"line":15,"column":15},"end":{"line":15,"column":24}}},"2":{"name":"(anonymous_2)","line":25,"loc":{"start":{"line":25,"column":18},"end":{"line":25,"column":30}}},"3":{"name":"(anonymous_3)","line":32,"loc":{"start":{"line":32,"column":29},"end":{"line":32,"column":52}}}},"statementMap":{"1":{"start":{"line":4,"column":0},"end":{"line":5,"column":42}},"2":{"start":{"line":16,"column":8},"end":{"line":16,"column":31}},"3":{"start":{"line":17,"column":8},"end":{"line":17,"column":54}},"4":{"start":{"line":26,"column":8},"end":{"line":26,"column":24}},"5":{"start":{"line":29,"column":8},"end":{"line":29,"column":40}},"6":{"start":{"line":32,"column":8},"end":{"line":53,"column":11}},"7":{"start":{"line":35,"column":12},"end":{"line":35,"column":61}},"8":{"start":{"line":36,"column":12},"end":{"line":36,"column":30}},"9":{"start":{"line":37,"column":12},"end":{"line":47,"column":13}},"10":{"start":{"line":38,"column":16},"end":{"line":38,"column":68}},"11":{"start":{"line":42,"column":16},"end":{"line":46,"column":17}},"12":{"start":{"line":43,"column":20},"end":{"line":43,"column":92}},"13":{"start":{"line":44,"column":20},"end":{"line":44,"column":63}},"14":{"start":{"line":45,"column":20},"end":{"line":45,"column":26}},"15":{"start":{"line":49,"column":12},"end":{"line":52,"column":13}},"16":{"start":{"line":50,"column":16},"end":{"line":50,"column":142}},"17":{"start":{"line":51,"column":16},"end":{"line":51,"column":59}},"18":{"start":{"line":55,"column":8},"end":{"line":55,"column":38}},"19":{"start":{"line":59,"column":0},"end":{"line":59,"column":28}}},"branchMap":{"1":{"line":42,"type":"if","locations":[{"start":{"line":42,"column":16},"end":{"line":42,"column":16}},{"start":{"line":42,"column":16},"end":{"line":42,"column":16}}]},"2":{"line":42,"type":"binary-expr","locations":[{"start":{"line":42,"column":19},"end":{"line":42,"column":64}},{"start":{"line":42,"column":68},"end":{"line":42,"column":94}}]},"3":{"line":49,"type":"if","locations":[{"start":{"line":49,"column":12},"end":{"line":49,"column":12}},{"start":{"line":49,"column":12},"end":{"line":49,"column":12}}]}}},"/Users/akash/Study/assignments/json_expression_evaluator/json_expression_evaluator/evaluator/parser.js":{"path":"/Users/akash/Study/assignments/json_expression_evaluator/json_expression_evaluator/evaluator/parser.js","s":{"1":1,"2":17,"3":11,"4":11,"5":81,"6":11,"7":12,"8":12,"9":84,"10":12,"11":20,"12":12,"13":12,"14":12,"15":10,"16":6,"17":8,"18":12,"19":9,"20":9,"21":9,"22":9,"23":45,"24":9,"25":45,"26":45,"27":9,"28":9,"29":8,"30":1,"31":1,"32":9,"33":1},"b":{"1":[10,2],"2":[6,6]},"f":{"1":17,"2":11,"3":81,"4":12,"5":84,"6":20,"7":6,"8":8,"9":9,"10":45},"fnMap":{"1":{"name":"(anonymous_1)","line":18,"loc":{"start":{"line":18,"column":15},"end":{"line":18,"column":29}}},"2":{"name":"(anonymous_2)","line":25,"loc":{"start":{"line":25,"column":34},"end":{"line":25,"column":36}}},"3":{"name":"(anonymous_3)","line":28,"loc":{"start":{"line":28,"column":56},"end":{"line":28,"column":71}}},"4":{"name":"(anonymous_4)","line":39,"loc":{"start":{"line":39,"column":29},"end":{"line":39,"column":31}}},"5":{"name":"(anonymous_5)","line":42,"loc":{"start":{"line":42,"column":60},"end":{"line":42,"column":75}}},"6":{"name":"(anonymous_6)","line":46,"loc":{"start":{"line":46,"column":58},"end":{"line":46,"column":73}}},"7":{"name":"(anonymous_7)","line":55,"loc":{"start":{"line":55,"column":36},"end":{"line":55,"column":48}}},"8":{"name":"(anonymous_8)","line":56,"loc":{"start":{"line":56,"column":59},"end":{"line":56,"column":71}}},"9":{"name":"(anonymous_9)","line":69,"loc":{"start":{"line":69,"column":24},"end":{"line":69,"column":26}}},"10":{"name":"(anonymous_10)","line":77,"loc":{"start":{"line":77,"column":60},"end":{"line":77,"column":75}}}},"statementMap":{"1":{"start":{"line":4,"column":0},"end":{"line":7,"column":26}},"2":{"start":{"line":19,"column":8},"end":{"line":19,"column":41}},"3":{"start":{"line":26,"column":8},"end":{"line":26,"column":24}},"4":{"start":{"line":28,"column":8},"end":{"line":30,"column":11}},"5":{"start":{"line":29,"column":12},"end":{"line":29,"column":65}},"6":{"start":{"line":32,"column":8},"end":{"line":32,"column":39}},"7":{"start":{"line":40,"column":8},"end":{"line":40,"column":24}},"8":{"start":{"line":42,"column":8},"end":{"line":44,"column":11}},"9":{"start":{"line":43,"column":12},"end":{"line":43,"column":69}},"10":{"start":{"line":46,"column":8},"end":{"line":48,"column":11}},"11":{"start":{"line":47,"column":12},"end":{"line":47,"column":43}},"12":{"start":{"line":50,"column":8},"end":{"line":50,"column":80}},"13":{"start":{"line":52,"column":8},"end":{"line":52,"column":73}},"14":{"start":{"line":54,"column":8},"end":{"line":60,"column":9}},"15":{"start":{"line":55,"column":12},"end":{"line":59,"column":15}},"16":{"start":{"line":56,"column":16},"end":{"line":58,"column":19}},"17":{"start":{"line":57,"column":20},"end":{"line":57,"column":63}},"18":{"start":{"line":62,"column":8},"end":{"line":62,"column":23}},"19":{"start":{"line":70,"column":8},"end":{"line":71,"column":33}},"20":{"start":{"line":72,"column":8},"end":{"line":93,"column":9}},"21":{"start":{"line":74,"column":12},"end":{"line":74,"column":32}},"22":{"start":{"line":77,"column":12},"end":{"line":79,"column":15}},"23":{"start":{"line":78,"column":16},"end":{"line":78,"column":43}},"24":{"start":{"line":81,"column":12},"end":{"line":84,"column":13}},"25":{"start":{"line":82,"column":16},"end":{"line":82,"column":49}},"26":{"start":{"line":83,"column":16},"end":{"line":83,"column":45}},"27":{"start":{"line":86,"column":12},"end":{"line":86,"column":56}},"28":{"start":{"line":87,"column":12},"end":{"line":87,"column":54}},"29":{"start":{"line":89,"column":12},"end":{"line":89,"column":125}},"30":{"start":{"line":91,"column":12},"end":{"line":91,"column":126}},"31":{"start":{"line":92,"column":12},"end":{"line":92,"column":37}},"32":{"start":{"line":95,"column":8},"end":{"line":95,"column":32}},"33":{"start":{"line":99,"column":0},"end":{"line":99,"column":24}}},"branchMap":{"1":{"line":54,"type":"if","locations":[{"start":{"line":54,"column":8},"end":{"line":54,"column":8}},{"start":{"line":54,"column":8},"end":{"line":54,"column":8}}]},"2":{"line":56,"type":"binary-expr","locations":[{"start":{"line":56,"column":26},"end":{"line":56,"column":33}},{"start":{"line":56,"column":37},"end":{"line":58,"column":18}}]}}},"/Users/akash/Study/assignments/json_expression_evaluator/json_expression_evaluator/app.js":{"path":"/Users/akash/Study/assignments/json_expression_evaluator/json_expression_evaluator/app.js","s":{"1":1,"2":2,"3":2,"4":2,"5":2,"6":2,"7":2,"8":2,"9":1,"10":1,"11":1,"12":1,"13":1,"14":6,"15":6,"16":1,"17":1,"18":1,"19":0,"20":1,"21":1,"22":1,"23":0,"24":0,"25":1,"26":1,"27":0,"28":1,"29":1,"30":0,"31":0,"32":0,"33":0,"34":0,"35":0,"36":0,"37":0,"38":0,"39":0},"b":{"1":[1,1],"2":[2,1],"3":[0,1],"4":[0,0]},"f":{"1":2,"2":2,"3":2,"4":1,"5":6,"6":1,"7":0,"8":0,"9":1,"10":0,"11":0},"fnMap":{"1":{"name":"(anonymous_1)","line":13,"loc":{"start":{"line":13,"column":15},"end":{"line":13,"column":46}}},"2":{"name":"(anonymous_2)","line":22,"loc":{"start":{"line":22,"column":14},"end":{"line":22,"column":16}}},"3":{"name":"(anonymous_3)","line":24,"loc":{"start":{"line":24,"column":27},"end":{"line":24,"column":52}}},"4":{"name":"(anonymous_4)","line":32,"loc":{"start":{"line":32,"column":26},"end":{"line":32,"column":45}}},"5":{"name":"(anonymous_5)","line":38,"loc":{"start":{"line":38,"column":42},"end":{"line":38,"column":56}}},"6":{"name":"(anonymous_6)","line":49,"loc":{"start":{"line":49,"column":26},"end":{"line":49,"column":36}}},"7":{"name":"(anonymous_7)","line":52,"loc":{"start":{"line":52,"column":27},"end":{"line":52,"column":40}}},"8":{"name":"(anonymous_8)","line":72,"loc":{"start":{"line":72,"column":32},"end":{"line":72,"column":45}}},"9":{"name":"(anonymous_9)","line":79,"loc":{"start":{"line":79,"column":1},"end":{"line":79,"column":11}}},"10":{"name":"(anonymous_10)","line":92,"loc":{"start":{"line":92,"column":18},"end":{"line":92,"column":28}}},"11":{"name":"(anonymous_11)","line":97,"loc":{"start":{"line":97,"column":19},"end":{"line":97,"column":32}}}},"statementMap":{"1":{"start":{"line":4,"column":0},"end":{"line":7,"column":41}},"2":{"start":{"line":14,"column":8},"end":{"line":14,"column":43}},"3":{"start":{"line":15,"column":8},"end":{"line":15,"column":45}},"4":{"start":{"line":16,"column":8},"end":{"line":16,"column":41}},"5":{"start":{"line":23,"column":8},"end":{"line":23,"column":24}},"6":{"start":{"line":24,"column":8},"end":{"line":66,"column":11}},"7":{"start":{"line":25,"column":12},"end":{"line":65,"column":13}},"8":{"start":{"line":27,"column":16},"end":{"line":60,"column":17}},"9":{"start":{"line":28,"column":20},"end":{"line":28,"column":109}},"10":{"start":{"line":31,"column":20},"end":{"line":54,"column":23}},"11":{"start":{"line":33,"column":24},"end":{"line":33,"column":68}},"12":{"start":{"line":35,"column":24},"end":{"line":35,"column":44}},"13":{"start":{"line":38,"column":24},"end":{"line":42,"column":27}},"14":{"start":{"line":40,"column":28},"end":{"line":40,"column":107}},"15":{"start":{"line":41,"column":28},"end":{"line":41,"column":128}},"16":{"start":{"line":44,"column":24},"end":{"line":44,"column":89}},"17":{"start":{"line":47,"column":24},"end":{"line":47,"column":85}},"18":{"start":{"line":50,"column":24},"end":{"line":50,"column":34}},"19":{"start":{"line":53,"column":24},"end":{"line":53,"column":36}},"20":{"start":{"line":57,"column":20},"end":{"line":57,"column":42}},"21":{"start":{"line":58,"column":20},"end":{"line":58,"column":78}},"22":{"start":{"line":59,"column":20},"end":{"line":59,"column":32}},"23":{"start":{"line":63,"column":16},"end":{"line":63,"column":43}},"24":{"start":{"line":64,"column":16},"end":{"line":64,"column":28}},"25":{"start":{"line":70,"column":0},"end":{"line":70,"column":21}},"26":{"start":{"line":72,"column":0},"end":{"line":74,"column":3}},"27":{"start":{"line":73,"column":4},"end":{"line":73,"column":83}},"28":{"start":{"line":79,"column":0},"end":{"line":102,"column":5}},"29":{"start":{"line":80,"column":4},"end":{"line":101,"column":5}},"30":{"start":{"line":82,"column":8},"end":{"line":82,"column":46}},"31":{"start":{"line":83,"column":8},"end":{"line":83,"column":63}},"32":{"start":{"line":85,"column":8},"end":{"line":85,"column":67}},"33":{"start":{"line":87,"column":8},"end":{"line":87,"column":83}},"34":{"start":{"line":89,"column":8},"end":{"line":89,"column":57}},"35":{"start":{"line":91,"column":8},"end":{"line":100,"column":15}},"36":{"start":{"line":94,"column":16},"end":{"line":94,"column":122}},"37":{"start":{"line":95,"column":16},"end":{"line":95,"column":32}},"38":{"start":{"line":98,"column":16},"end":{"line":98,"column":76}},"39":{"start":{"line":99,"column":16},"end":{"line":99,"column":33}}},"branchMap":{"1":{"line":27,"type":"if","locations":[{"start":{"line":27,"column":16},"end":{"line":27,"column":16}},{"start":{"line":27,"column":16},"end":{"line":27,"column":16}}]},"2":{"line":27,"type":"binary-expr","locations":[{"start":{"line":27,"column":19},"end":{"line":27,"column":63}},{"start":{"line":27,"column":67},"end":{"line":27,"column":112}}]},"3":{"line":80,"type":"if","locations":[{"start":{"line":80,"column":4},"end":{"line":80,"column":4}},{"start":{"line":80,"column":4},"end":{"line":80,"column":4}}]},"4":{"line":83,"type":"binary-expr","locations":[{"start":{"line":83,"column":31},"end":{"line":83,"column":46}},{"start":{"line":83,"column":50},"end":{"line":83,"column":62}}]}}},"/Users/akash/Study/assignments/json_expression_evaluator/json_expression_evaluator/evaluator/tokenClasses.js":{"path":"/Users/akash/Study/assignments/json_expression_evaluator/json_expression_evaluator/evaluator/tokenClasses.js","s":{"1":1,"2":94,"3":94,"4":94,"5":94,"6":22,"7":22,"8":22,"9":22,"10":21,"11":4,"12":3,"13":3,"14":5,"15":5,"16":9,"17":9,"18":32,"19":6,"20":4,"21":1,"22":20,"23":1,"24":18,"25":18,"26":0,"27":9,"28":9,"29":1,"30":1},"b":{"1":[5,0],"2":[9,0]},"f":{"1":94,"2":22,"3":21,"4":4,"5":3,"6":5,"7":9,"8":32,"9":6,"10":4,"11":1,"12":20,"13":1,"14":18,"15":0,"16":9,"17":9},"fnMap":{"1":{"name":"(anonymous_1)","line":16,"loc":{"start":{"line":16,"column":15},"end":{"line":16,"column":50}}},"2":{"name":"(anonymous_2)","line":28,"loc":{"start":{"line":28,"column":15},"end":{"line":28,"column":50}}},"3":{"name":"(anonymous_3)","line":42,"loc":{"start":{"line":42,"column":15},"end":{"line":42,"column":44}}},"4":{"name":"(anonymous_4)","line":51,"loc":{"start":{"line":51,"column":15},"end":{"line":51,"column":38}}},"5":{"name":"(anonymous_5)","line":60,"loc":{"start":{"line":60,"column":15},"end":{"line":60,"column":38}}},"6":{"name":"(anonymous_6)","line":70,"loc":{"start":{"line":70,"column":15},"end":{"line":70,"column":38}}},"7":{"name":"(anonymous_7)","line":80,"loc":{"start":{"line":80,"column":15},"end":{"line":80,"column":38}}},"8":{"name":"(anonymous_8)","line":95,"loc":{"start":{"line":95,"column":15},"end":{"line":95,"column":45}}},"9":{"name":"(anonymous_9)","line":104,"loc":{"start":{"line":104,"column":15},"end":{"line":104,"column":38}}},"10":{"name":"(anonymous_10)","line":113,"loc":{"start":{"line":113,"column":15},"end":{"line":113,"column":38}}},"11":{"name":"(anonymous_11)","line":122,"loc":{"start":{"line":122,"column":15},"end":{"line":122,"column":38}}},"12":{"name":"(anonymous_12)","line":131,"loc":{"start":{"line":131,"column":15},"end":{"line":131,"column":38}}},"13":{"name":"(anonymous_13)","line":140,"loc":{"start":{"line":140,"column":15},"end":{"line":140,"column":38}}},"14":{"name":"(anonymous_14)","line":154,"loc":{"start":{"line":154,"column":15},"end":{"line":154,"column":45}}},"15":{"name":"(anonymous_15)","line":160,"loc":{"start":{"line":160,"column":26},"end":{"line":160,"column":28}}},"16":{"name":"(anonymous_16)","line":169,"loc":{"start":{"line":169,"column":15},"end":{"line":169,"column":38}}},"17":{"name":"(anonymous_17)","line":178,"loc":{"start":{"line":178,"column":15},"end":{"line":178,"column":38}}}},"statementMap":{"1":{"start":{"line":8,"column":0},"end":{"line":10,"column":42}},"2":{"start":{"line":17,"column":8},"end":{"line":17,"column":29}},"3":{"start":{"line":18,"column":8},"end":{"line":18,"column":27}},"4":{"start":{"line":19,"column":8},"end":{"line":19,"column":25}},"5":{"start":{"line":20,"column":8},"end":{"line":20,"column":43}},"6":{"start":{"line":29,"column":8},"end":{"line":29,"column":52}},"7":{"start":{"line":30,"column":8},"end":{"line":30,"column":56}},"8":{"start":{"line":31,"column":8},"end":{"line":31,"column":48}},"9":{"start":{"line":32,"column":8},"end":{"line":32,"column":80}},"10":{"start":{"line":43,"column":8},"end":{"line":43,"column":76}},"11":{"start":{"line":52,"column":8},"end":{"line":52,"column":44}},"12":{"start":{"line":61,"column":8},"end":{"line":61,"column":52}},"13":{"start":{"line":62,"column":8},"end":{"line":62,"column":43}},"14":{"start":{"line":71,"column":8},"end":{"line":71,"column":67}},"15":{"start":{"line":72,"column":8},"end":{"line":72,"column":44}},"16":{"start":{"line":81,"column":8},"end":{"line":81,"column":64}},"17":{"start":{"line":82,"column":8},"end":{"line":82,"column":44}},"18":{"start":{"line":96,"column":8},"end":{"line":96,"column":78}},"19":{"start":{"line":105,"column":8},"end":{"line":105,"column":43}},"20":{"start":{"line":114,"column":8},"end":{"line":114,"column":43}},"21":{"start":{"line":123,"column":8},"end":{"line":123,"column":42}},"22":{"start":{"line":132,"column":8},"end":{"line":132,"column":44}},"23":{"start":{"line":141,"column":8},"end":{"line":141,"column":43}},"24":{"start":{"line":155,"column":8},"end":{"line":155,"column":80}},"25":{"start":{"line":157,"column":8},"end":{"line":157,"column":47}},"26":{"start":{"line":161,"column":8},"end":{"line":161,"column":27}},"27":{"start":{"line":170,"column":8},"end":{"line":170,"column":42}},"28":{"start":{"line":179,"column":8},"end":{"line":179,"column":42}},"29":{"start":{"line":187,"column":0},"end":{"line":239,"column":2}},"30":{"start":{"line":241,"column":0},"end":{"line":241,"column":30}}},"branchMap":{"1":{"line":71,"type":"cond-expr","locations":[{"start":{"line":71,"column":45},"end":{"line":71,"column":59}},{"start":{"line":71,"column":62},"end":{"line":71,"column":66}}]},"2":{"line":81,"type":"cond-expr","locations":[{"start":{"line":81,"column":45},"end":{"line":81,"column":59}},{"start":{"line":81,"column":62},"end":{"line":81,"column":63}}]}}}}