TN:
SF:/Users/akash/Study/assignments/json_expression_evaluator/json_expression_evaluator/globals.js
FNF:0
FNH:0
DA:4,1
DA:8,1
LF:2
LH:2
BRF:0
BRH:0
end_of_record
TN:
SF:/Users/akash/Study/assignments/json_expression_evaluator/json_expression_evaluator/utility.js
FN:17,(anonymous_1)
FN:26,(anonymous_2)
FN:32,(anonymous_3)
FN:42,(anonymous_4)
FN:51,(anonymous_5)
FN:63,(anonymous_6)
FN:71,(anonymous_7)
FN:73,(anonymous_8)
FN:78,(anonymous_9)
FN:81,(anonymous_10)
FN:84,(anonymous_11)
FN:102,(anonymous_12)
FN:104,(anonymous_13)
FN:108,(anonymous_14)
FN:124,(anonymous_15)
FN:138,(anonymous_16)
FNF:16
FNH:15
FNDA:3,(anonymous_1)
FNDA:3,(anonymous_2)
FNDA:2,(anonymous_3)
FNDA:3,(anonymous_4)
FNDA:12,(anonymous_5)
FNDA:3,(anonymous_6)
FNDA:1,(anonymous_7)
FNDA:1,(anonymous_8)
FNDA:0,(anonymous_9)
FNDA:6,(anonymous_10)
FNDA:1,(anonymous_11)
FNDA:1,(anonymous_12)
FNDA:1,(anonymous_13)
FNDA:1,(anonymous_14)
FNDA:14,(anonymous_15)
FNDA:27,(anonymous_16)
DA:4,1
DA:18,3
DA:27,3
DA:28,3
DA:29,3
DA:30,2
DA:32,1
DA:33,2
DA:43,3
DA:52,12
DA:53,12
DA:54,12
DA:55,12
DA:64,3
DA:72,1
DA:73,1
DA:74,1
DA:75,1
DA:76,1
DA:79,0
DA:82,6
DA:85,1
DA:90,0
DA:91,0
DA:92,0
DA:103,1
DA:104,1
DA:105,1
DA:106,1
DA:109,1
DA:113,0
DA:114,0
DA:115,0
DA:125,14
DA:126,14
DA:128,4
DA:130,10
DA:139,27
DA:140,4
DA:142,23
DA:143,1
DA:145,22
DA:146,1
DA:148,21
DA:149,15
DA:151,6
DA:157,1
LF:47
LH:40
BRDA:28,1,0,3
BRDA:28,1,1,0
BRDA:29,2,0,2
BRDA:29,2,1,1
BRDA:53,3,0,12
BRDA:53,3,1,0
BRDA:53,4,0,12
BRDA:53,4,1,9
BRDA:53,4,2,9
BRDA:53,4,3,9
BRDA:54,5,0,12
BRDA:54,5,1,3
BRDA:64,6,0,3
BRDA:64,6,1,2
BRDA:139,7,0,4
BRDA:139,7,1,23
BRDA:142,8,0,1
BRDA:142,8,1,22
BRDA:145,9,0,1
BRDA:145,9,1,21
BRDA:146,10,0,1
BRDA:146,10,1,0
BRDA:148,11,0,15
BRDA:148,11,1,6
BRDA:149,12,0,15
BRDA:149,12,1,0
BRF:26
BRH:22
end_of_record
TN:
SF:/Users/akash/Study/assignments/json_expression_evaluator/json_expression_evaluator/constants.js
FNF:0
FNH:0
DA:7,1
DA:46,1
LF:2
LH:2
BRF:0
BRH:0
end_of_record
TN:
SF:/Users/akash/Study/assignments/json_expression_evaluator/json_expression_evaluator/evaluator/index.js
FN:20,(anonymous_1)
FN:60,(anonymous_2)
FN:67,(anonymous_3)
FNF:3
FNH:3
FNDA:12,(anonymous_1)
FNDA:16,(anonymous_2)
FNDA:113,(anonymous_3)
DA:4,1
DA:21,12
DA:30,12
DA:31,9
DA:33,9
DA:36,9
DA:37,0
DA:41,9
DA:42,9
DA:45,9
DA:46,9
DA:47,6
DA:49,3
DA:52,3
DA:62,16
DA:64,16
DA:67,16
DA:68,113
DA:71,16
DA:75,1
LF:20
LH:19
BRDA:30,1,0,9
BRDA:30,1,1,3
BRDA:30,2,0,12
BRDA:30,2,1,11
BRDA:36,3,0,0
BRDA:36,3,1,9
BRDA:46,4,0,6
BRDA:46,4,1,3
BRDA:46,5,0,9
BRDA:46,5,1,9
BRDA:62,6,0,16
BRDA:62,6,1,1
BRF:12
BRH:11
end_of_record
TN:
SF:/Users/akash/Study/assignments/json_expression_evaluator/json_expression_evaluator/evaluator/classifier.js
FN:15,(anonymous_1)
FN:25,(anonymous_2)
FN:32,(anonymous_3)
FNF:3
FNH:3
FNDA:12,(anonymous_1)
FNDA:12,(anonymous_2)
FNDA:94,(anonymous_3)
DA:4,1
DA:16,12
DA:17,12
DA:26,12
DA:29,12
DA:32,12
DA:35,94
DA:36,94
DA:37,94
DA:38,586
DA:42,586
DA:43,93
DA:44,93
DA:45,93
DA:49,94
DA:50,1
DA:51,1
DA:55,12
DA:59,1
LF:19
LH:19
BRDA:42,1,0,93
BRDA:42,1,1,493
BRDA:42,2,0,586
BRDA:42,2,1,585
BRDA:49,3,0,1
BRDA:49,3,1,93
BRF:6
BRH:6
end_of_record
TN:
SF:/Users/akash/Study/assignments/json_expression_evaluator/json_expression_evaluator/evaluator/parser.js
FN:18,(anonymous_1)
FN:25,(anonymous_2)
FN:28,(anonymous_3)
FN:39,(anonymous_4)
FN:42,(anonymous_5)
FN:46,(anonymous_6)
FN:55,(anonymous_7)
FN:56,(anonymous_8)
FN:69,(anonymous_9)
FN:77,(anonymous_10)
FNF:10
FNH:10
FNDA:17,(anonymous_1)
FNDA:11,(anonymous_2)
FNDA:81,(anonymous_3)
FNDA:12,(anonymous_4)
FNDA:84,(anonymous_5)
FNDA:20,(anonymous_6)
FNDA:6,(anonymous_7)
FNDA:8,(anonymous_8)
FNDA:9,(anonymous_9)
FNDA:45,(anonymous_10)
DA:4,1
DA:19,17
DA:26,11
DA:28,11
DA:29,81
DA:32,11
DA:40,12
DA:42,12
DA:43,84
DA:46,12
DA:47,20
DA:50,12
DA:52,12
DA:54,12
DA:55,10
DA:56,6
DA:57,8
DA:62,12
DA:70,9
DA:72,9
DA:74,9
DA:77,9
DA:78,45
DA:81,9
DA:82,45
DA:83,45
DA:86,9
DA:87,9
DA:89,8
DA:91,1
DA:92,1
DA:95,9
DA:99,1
LF:33
LH:33
BRDA:54,1,0,10
BRDA:54,1,1,2
BRDA:56,2,0,6
BRDA:56,2,1,6
BRF:4
BRH:4
end_of_record
TN:
SF:/Users/akash/Study/assignments/json_expression_evaluator/json_expression_evaluator/app.js
FN:13,(anonymous_1)
FN:22,(anonymous_2)
FN:24,(anonymous_3)
FN:32,(anonymous_4)
FN:38,(anonymous_5)
FN:49,(anonymous_6)
FN:52,(anonymous_7)
FN:72,(anonymous_8)
FN:79,(anonymous_9)
FN:92,(anonymous_10)
FN:97,(anonymous_11)
FNF:11
FNH:7
FNDA:2,(anonymous_1)
FNDA:2,(anonymous_2)
FNDA:2,(anonymous_3)
FNDA:1,(anonymous_4)
FNDA:6,(anonymous_5)
FNDA:1,(anonymous_6)
FNDA:0,(anonymous_7)
FNDA:0,(anonymous_8)
FNDA:1,(anonymous_9)
FNDA:0,(anonymous_10)
FNDA:0,(anonymous_11)
DA:4,1
DA:14,2
DA:15,2
DA:16,2
DA:23,2
DA:24,2
DA:25,2
DA:27,2
DA:28,1
DA:31,1
DA:33,1
DA:35,1
DA:38,1
DA:40,6
DA:41,6
DA:44,1
DA:47,1
DA:50,1
DA:53,0
DA:57,1
DA:58,1
DA:59,1
DA:63,0
DA:64,0
DA:70,1
DA:72,1
DA:73,0
DA:79,1
DA:80,1
DA:82,0
DA:83,0
DA:85,0
DA:87,0
DA:89,0
DA:91,0
DA:94,0
DA:95,0
DA:98,0
DA:99,0
LF:39
LH:25
BRDA:27,1,0,1
BRDA:27,1,1,1
BRDA:27,2,0,2
BRDA:27,2,1,1
BRDA:80,3,0,0
BRDA:80,3,1,1
BRDA:83,4,0,0
BRDA:83,4,1,0
BRF:8
BRH:5
end_of_record
TN:
SF:/Users/akash/Study/assignments/json_expression_evaluator/json_expression_evaluator/evaluator/tokenClasses.js
FN:16,(anonymous_1)
FN:28,(anonymous_2)
FN:42,(anonymous_3)
FN:51,(anonymous_4)
FN:60,(anonymous_5)
FN:70,(anonymous_6)
FN:80,(anonymous_7)
FN:95,(anonymous_8)
FN:104,(anonymous_9)
FN:113,(anonymous_10)
FN:122,(anonymous_11)
FN:131,(anonymous_12)
FN:140,(anonymous_13)
FN:154,(anonymous_14)
FN:160,(anonymous_15)
FN:169,(anonymous_16)
FN:178,(anonymous_17)
FNF:17
FNH:16
FNDA:94,(anonymous_1)
FNDA:22,(anonymous_2)
FNDA:21,(anonymous_3)
FNDA:4,(anonymous_4)
FNDA:3,(anonymous_5)
FNDA:5,(anonymous_6)
FNDA:9,(anonymous_7)
FNDA:32,(anonymous_8)
FNDA:6,(anonymous_9)
FNDA:4,(anonymous_10)
FNDA:1,(anonymous_11)
FNDA:20,(anonymous_12)
FNDA:1,(anonymous_13)
FNDA:18,(anonymous_14)
FNDA:0,(anonymous_15)
FNDA:9,(anonymous_16)
FNDA:9,(anonymous_17)
DA:8,1
DA:17,94
DA:18,94
DA:19,94
DA:20,94
DA:29,22
DA:30,22
DA:31,22
DA:32,22
DA:43,21
DA:52,4
DA:61,3
DA:62,3
DA:71,5
DA:72,5
DA:81,9
DA:82,9
DA:96,32
DA:105,6
DA:114,4
DA:123,1
DA:132,20
DA:141,1
DA:155,18
DA:157,18
DA:161,0
DA:170,9
DA:179,9
DA:187,1
DA:241,1
LF:30
LH:29
BRDA:71,1,0,5
BRDA:71,1,1,0
BRDA:81,2,0,9
BRDA:81,2,1,0
BRF:4
BRH:2
end_of_record
